<?xml version="1.0" encoding="UTF-8"?>
<testng-results skipped="0" failed="0" ignored="0" total="1" passed="1">
  <reporter-output>
  </reporter-output>
  <suite name="Default suite" duration-ms="26" started-at="2021-03-11T10:02:12 IST" finished-at="2021-03-11T10:02:12 IST">
    <groups>
    </groups>
    <test name="Default test" duration-ms="26" started-at="2021-03-11T10:02:12 IST" finished-at="2021-03-11T10:02:12 IST">
      <class name="com.practice.AssertTest">
        <test-method status="PASS" signature="test1()[pri:0, instance:com.practice.AssertTest@6b09bb57]" name="test1" duration-ms="5" started-at="2021-03-11T10:02:12 IST" finished-at="2021-03-11T10:02:12 IST">
          <reporter-output>
          </reporter-output>
        </test-method> <!-- test1 -->
      </class> <!-- com.practice.AssertTest -->
    </test> <!-- Default test -->
  </suite> <!-- Default suite -->
</testng-results>
